2026-02-19T11:24:03.605+05:30  INFO 3380 --- [exam-portal-be] [main] c.example.amit.ExamPortalBeApplication   : Starting ExamPortalBeApplication using Java 21.0.3 with PID 3380 (F:\Amit Projects Completed\Examportal\Examportal\exam-portal-be\build\classes\java\main started by USER in F:\Amit Projects Completed\Examportal\Examportal\exam-portal-be)
2026-02-19T11:24:03.678+05:30  INFO 3380 --- [exam-portal-be] [main] c.example.amit.ExamPortalBeApplication   : No active profile set, falling back to 1 default profile: "default"
2026-02-19T11:24:06.755+05:30  INFO 3380 --- [exam-portal-be] [main] .s.d.r.c.RepositoryConfigurationDelegate : Bootstrapping Spring Data JPA repositories in DEFAULT mode.
2026-02-19T11:24:06.866+05:30  INFO 3380 --- [exam-portal-be] [main] .s.d.r.c.RepositoryConfigurationDelegate : Finished Spring Data repository scanning in 93 ms. Found 4 JPA repository interfaces.
2026-02-19T11:24:08.277+05:30  INFO 3380 --- [exam-portal-be] [main] o.s.boot.tomcat.TomcatWebServer          : Tomcat initialized with port 8085 (http)
2026-02-19T11:24:08.293+05:30  INFO 3380 --- [exam-portal-be] [main] o.apache.catalina.core.StandardService   : Starting service [Tomcat]
2026-02-19T11:24:08.293+05:30  INFO 3380 --- [exam-portal-be] [main] o.apache.catalina.core.StandardEngine    : Starting Servlet engine: [Apache Tomcat/11.0.15]
2026-02-19T11:24:08.368+05:30  INFO 3380 --- [exam-portal-be] [main] b.w.c.s.WebApplicationContextInitializer : Root WebApplicationContext: initialization completed in 4374 ms
2026-02-19T11:24:08.721+05:30  INFO 3380 --- [exam-portal-be] [main] org.hibernate.orm.jpa                    : HHH008540: Processing PersistenceUnitInfo [name: default]
2026-02-19T11:24:08.813+05:30  INFO 3380 --- [exam-portal-be] [main] org.hibernate.orm.core                   : HHH000001: Hibernate ORM core version 7.2.1.Final
2026-02-19T11:24:09.477+05:30  INFO 3380 --- [exam-portal-be] [main] o.s.o.j.p.SpringPersistenceUnitInfo      : No LoadTimeWeaver setup: ignoring JPA class transformer
2026-02-19T11:24:09.526+05:30  INFO 3380 --- [exam-portal-be] [main] com.zaxxer.hikari.HikariDataSource       : HikariPool-1 - Starting...
2026-02-19T11:24:09.839+05:30  INFO 3380 --- [exam-portal-be] [main] com.zaxxer.hikari.pool.HikariPool        : HikariPool-1 - Added connection org.postgresql.jdbc.PgConnection@131c5bd
2026-02-19T11:24:09.842+05:30  INFO 3380 --- [exam-portal-be] [main] com.zaxxer.hikari.HikariDataSource       : HikariPool-1 - Start completed.
2026-02-19T11:24:09.949+05:30  WARN 3380 --- [exam-portal-be] [main] org.hibernate.orm.deprecation            : HHH90000025: PostgreSQLDialect does not need to be specified explicitly using 'hibernate.dialect' (remove the property setting and it will be selected by default)
2026-02-19T11:24:10.002+05:30  INFO 3380 --- [exam-portal-be] [main] org.hibernate.orm.connections.pooling    : HHH10001005: Database info:
	Database JDBC URL [jdbc:postgresql://localhost:5432/exam_portal]
	Database driver: PostgreSQL JDBC Driver
	Database dialect: PostgreSQLDialect
	Database version: 15.2
	Default catalog/schema: exam_portal/public
	Autocommit mode: undefined/unknown
	Isolation level: READ_COMMITTED [default READ_COMMITTED]
	JDBC fetch size: none
	Pool: DataSourceConnectionProvider
	Minimum pool size: undefined/unknown
	Maximum pool size: undefined/unknown
2026-02-19T11:24:11.642+05:30  INFO 3380 --- [exam-portal-be] [main] org.hibernate.orm.core                   : HHH000489: No JTA platform available (set 'hibernate.transaction.jta.platform' to enable JTA platform integration)
2026-02-19T11:24:11.924+05:30  INFO 3380 --- [exam-portal-be] [main] j.LocalContainerEntityManagerFactoryBean : Initialized JPA EntityManagerFactory for persistence unit 'default'
2026-02-19T11:24:12.066+05:30  INFO 3380 --- [exam-portal-be] [main] o.s.d.j.r.query.QueryEnhancerFactories   : Hibernate is in classpath; If applicable, HQL parser will be used.
2026-02-19T11:24:13.462+05:30  INFO 3380 --- [exam-portal-be] [main] eAuthenticationProviderManagerConfigurer : Global AuthenticationManager configured with AuthenticationProvider bean with name authenticationProvider
2026-02-19T11:24:13.463+05:30  WARN 3380 --- [exam-portal-be] [main] r$InitializeUserDetailsManagerConfigurer : Global AuthenticationManager configured with an AuthenticationProvider bean. UserDetailsService beans will not be used by Spring Security for automatically configuring username/password login. Consider removing the AuthenticationProvider bean. Alternatively, consider using the UserDetailsService in a manually instantiated DaoAuthenticationProvider. If the current configuration is intentional, to turn off this warning, increase the logging level of 'org.springframework.security.config.annotation.authentication.configuration.InitializeUserDetailsBeanManagerConfigurer' to ERROR
2026-02-19T11:24:13.623+05:30  WARN 3380 --- [exam-portal-be] [main] JpaBaseConfiguration$JpaWebConfiguration : spring.jpa.open-in-view is enabled by default. Therefore, database queries may be performed during view rendering. Explicitly configure spring.jpa.open-in-view to disable this warning
2026-02-19T11:24:15.039+05:30  INFO 3380 --- [exam-portal-be] [main] o.s.b.a.e.web.EndpointLinksResolver      : Exposing 1 endpoint beneath base path '/actuator'
2026-02-19T11:24:15.167+05:30  INFO 3380 --- [exam-portal-be] [main] o.s.boot.tomcat.TomcatWebServer          : Tomcat started on port 8085 (http) with context path '/'
2026-02-19T11:24:15.177+05:30  INFO 3380 --- [exam-portal-be] [main] c.example.amit.ExamPortalBeApplication   : Started ExamPortalBeApplication in 13.978 seconds (process running for 17.668)
2026-02-19T11:24:15.185+05:30  WARN 3380 --- [exam-portal-be] [main] o.s.core.events.SpringDocAppInitializer  : SpringDoc /v3/api-docs endpoint is enabled by default. To disable it in production, set the property 'springdoc.api-docs.enabled=false'
2026-02-19T11:24:15.185+05:30  WARN 3380 --- [exam-portal-be] [main] o.s.core.events.SpringDocAppInitializer  : SpringDoc /swagger-ui.html endpoint is enabled by default. To disable it in production, set the property 'springdoc.swagger-ui.enabled=false'
2026-02-19T11:24:15.476+05:30  INFO 3380 --- [exam-portal-be] [RMI TCP Connection(2)-192.168.10.221] o.a.c.c.C.[Tomcat].[localhost].[/]       : Initializing Spring DispatcherServlet 'dispatcherServlet'
2026-02-19T11:24:15.477+05:30  INFO 3380 --- [exam-portal-be] [RMI TCP Connection(2)-192.168.10.221] o.s.web.servlet.DispatcherServlet        : Initializing Servlet 'dispatcherServlet'
2026-02-19T11:24:15.480+05:30  INFO 3380 --- [exam-portal-be] [RMI TCP Connection(2)-192.168.10.221] o.s.web.servlet.DispatcherServlet        : Completed initialization in 3 ms
